[debug] [2025-05-26T09:22:28.103Z] ----------------------------------------------------------------------
[debug] [2025-05-26T09:22:28.105Z] Command:       /home/wjw/.nvm/versions/node/v22.15.0/bin/node /home/wjw/.nvm/versions/node/v22.15.0/bin/firebase login
[debug] [2025-05-26T09:22:28.105Z] CLI Version:   14.4.0
[debug] [2025-05-26T09:22:28.105Z] Platform:      linux
[debug] [2025-05-26T09:22:28.105Z] Node Version:  v22.15.0
[debug] [2025-05-26T09:22:28.106Z] Time:          Mon May 26 2025 17:22:28 GMT+0800 (Malaysia Time)
[debug] [2025-05-26T09:22:28.106Z] ----------------------------------------------------------------------
[debug] 
[debug] [2025-05-26T09:22:28.107Z] >>> [apiv2][query] GET https://firebase-public.firebaseio.com/cli.json [none]
[info] i  Firebase optionally collects CLI and Emulator Suite usage and error reporting information to help improve our products. Data is collected in accordance with Google's privacy policy (https://policies.google.com/privacy) and is not used to identify you.
 
[debug] [2025-05-26T09:22:28.896Z] <<< [apiv2][status] GET https://firebase-public.firebaseio.com/cli.json 200
[debug] [2025-05-26T09:22:28.896Z] <<< [apiv2][body] GET https://firebase-public.firebaseio.com/cli.json {"cloudBuildErrorAfter":1594252800000,"cloudBuildWarnAfter":1590019200000,"defaultNode10After":1594252800000,"minVersion":"3.0.5","node8DeploysDisabledAfter":1613390400000,"node8RuntimeDisabledAfter":1615809600000,"node8WarnAfter":1600128000000}
[info] i  To change your data collection preference at any time, run `firebase logout` and log in again. 
[info] 
[info] Visit this URL on this device to log in:
[info] https://accounts.google.com/o/oauth2/auth?client_id=563584335869-fgrhgmd47bqnekij5i8b5pr03ho849e6.apps.googleusercontent.com&scope=email%20openid%20https%3A%2F%2Fwww.googleapis.com%2Fauth%2Fcloudplatformprojects.readonly%20https%3A%2F%2Fwww.googleapis.com%2Fauth%2Ffirebase%20https%3A%2F%2Fwww.googleapis.com%2Fauth%2Fcloud-platform&response_type=code&state=823247330&redirect_uri=http%3A%2F%2Flocalhost%3A9005
[info] 
[info] Waiting for authentication...
[debug] [2025-05-26T09:27:01.776Z] ----------------------------------------------------------------------
[debug] [2025-05-26T09:27:01.778Z] Command:       /home/wjw/.nvm/versions/node/v22.15.0/bin/node /home/wjw/.nvm/versions/node/v22.15.0/bin/firebase login
[debug] [2025-05-26T09:27:01.778Z] CLI Version:   14.4.0
[debug] [2025-05-26T09:27:01.779Z] Platform:      linux
[debug] [2025-05-26T09:27:01.779Z] Node Version:  v22.15.0
[debug] [2025-05-26T09:27:01.779Z] Time:          Mon May 26 2025 17:27:01 GMT+0800 (Malaysia Time)
[debug] [2025-05-26T09:27:01.779Z] ----------------------------------------------------------------------
[debug] 
[info] i  Firebase optionally collects CLI and Emulator Suite usage and error reporting information to help improve our products. Data is collected in accordance with Google's privacy policy (https://policies.google.com/privacy) and is not used to identify you.
 
[debug] [2025-05-26T09:27:22.513Z] ExitPromptError: User force closed the prompt with SIGINT
    at Interface.sigint (/home/wjw/.nvm/versions/node/v22.15.0/lib/node_modules/firebase-tools/node_modules/@inquirer/core/dist/commonjs/lib/create-prompt.js:101:37)
    at Interface.emit (node:events:518:28)
    at Interface.emit (node:domain:489:12)
    at [_ttyWrite] [as _ttyWrite] (node:internal/readline/interface:1128:18)
    at ReadStream.onkeypress (node:internal/readline/interface:267:20)
    at ReadStream.emit (node:events:530:35)
    at ReadStream.emit (node:domain:489:12)
    at emitKeys (node:internal/readline/utils:370:14)
    at emitKeys.next (<anonymous>)
    at ReadStream.onData (node:internal/readline/emitKeypressEvents:64:36)
[error] 
[error] Error: An unexpected error has occurred.
